# JRE version: OpenJDK Runtime Environment (8.0_76-b03) (build 1.8.0_76-release-b03)
# Java VM: OpenJDK 64-Bit Server VM (25.76-b03 mixed mode windows-amd64 compressed oops)
Heap:
 PSYoungGen      total 78848K, used 58358K [0x00000000eab00000, 0x00000000f1500000, 0x0000000100000000)
  eden space 71680K, 72% used [0x00000000eab00000,0x00000000edd66af0,0x00000000ef100000)
  from space 7168K, 94% used [0x00000000ef100000,0x00000000ef797108,0x00000000ef800000)
  to   space 7680K, 0% used [0x00000000f0d80000,0x00000000f0d80000,0x00000000f1500000)
 ParOldGen       total 32256K, used 10720K [0x00000000c0000000, 0x00000000c1f80000, 0x00000000eab00000)
  object space 32256K, 33% used [0x00000000c0000000,0x00000000c0a78018,0x00000000c1f80000)
 Metaspace       used 32458K, capacity 33294K, committed 33536K, reserved 1079296K
  class space    used 4147K, capacity 4497K, committed 4608K, reserved 1048576K
GC Heap History (10 events):
Event: 22.111 GC heap before
{Heap before GC invocations=8 (full 1):
 PSYoungGen      total 37888K, used 4598K [0x00000000eab00000, 0x00000000ef500000, 0x0000000100000000)
  eden space 31744K, 0% used [0x00000000eab00000,0x00000000eab00000,0x00000000eca00000)
  from space 6144K, 74% used [0x00000000eca00000,0x00000000ece7d918,0x00000000ed000000)
  to   space 6144K, 0% used [0x00000000eef00000,0x00000000eef00000,0x00000000ef500000)
 ParOldGen       total 42496K, used 9260K [0x00000000c0000000, 0x00000000c2980000, 0x00000000eab00000)
  object space 42496K, 21% used [0x00000000c0000000,0x00000000c090b030,0x00000000c2980000)
 Metaspace       used 20747K, capacity 21054K, committed 21296K, reserved 1067008K
  class space    used 2724K, capacity 2837K, committed 2944K, reserved 1048576K
Event: 22.324 GC heap after
Heap after GC invocations=8 (full 1):
 PSYoungGen      total 37888K, used 0K [0x00000000eab00000, 0x00000000ef500000, 0x0000000100000000)
  eden space 31744K, 0% used [0x00000000eab00000,0x00000000eab00000,0x00000000eca00000)
  from space 6144K, 0% used [0x00000000eca00000,0x00000000eca00000,0x00000000ed000000)
  to   space 6144K, 0% used [0x00000000eef00000,0x00000000eef00000,0x00000000ef500000)
 ParOldGen       total 32256K, used 7744K [0x00000000c0000000, 0x00000000c1f80000, 0x00000000eab00000)
  object space 32256K, 24% used [0x00000000c0000000,0x00000000c0790140,0x00000000c1f80000)
 Metaspace       used 20747K, capacity 21054K, committed 21296K, reserved 1067008K
  class space    used 2724K, capacity 2837K, committed 2944K, reserved 1048576K
}
Event: 23.607 GC heap before
{Heap before GC invocations=9 (full 1):
 PSYoungGen      total 37888K, used 31744K [0x00000000eab00000, 0x00000000ef500000, 0x0000000100000000)
  eden space 31744K, 100% used [0x00000000eab00000,0x00000000eca00000,0x00000000eca00000)
  from space 6144K, 0% used [0x00000000eca00000,0x00000000eca00000,0x00000000ed000000)
  to   space 6144K, 0% used [0x00000000eef00000,0x00000000eef00000,0x00000000ef500000)
 ParOldGen       total 32256K, used 7744K [0x00000000c0000000, 0x00000000c1f80000, 0x00000000eab00000)
  object space 32256K, 24% used [0x00000000c0000000,0x00000000c0790140,0x00000000c1f80000)
 Metaspace       used 21260K, capacity 21662K, committed 21888K, reserved 1069056K
  class space    used 2779K, capacity 2933K, committed 2944K, reserved 1048576K
Event: 23.616 GC heap after
Heap after GC invocations=9 (full 1):
 PSYoungGen      total 53248K, used 900K [0x00000000eab00000, 0x00000000ef000000, 0x0000000100000000)
  eden space 52224K, 0% used [0x00000000eab00000,0x00000000eab00000,0x00000000ede00000)
  from space 1024K, 87% used [0x00000000eef00000,0x00000000eefe1128,0x00000000ef000000)
  to   space 6656K, 0% used [0x00000000ee300000,0x00000000ee300000,0x00000000ee980000)
 ParOldGen       total 32256K, used 7752K [0x00000000c0000000, 0x00000000c1f80000, 0x00000000eab00000)
  object space 32256K, 24% used [0x00000000c0000000,0x00000000c0792140,0x00000000c1f80000)
 Metaspace       used 21260K, capacity 21662K, committed 21888K, reserved 1069056K
  class space    used 2779K, capacity 2933K, committed 2944K, reserved 1048576K
}
Event: 24.118 GC heap before
{Heap before GC invocations=10 (full 1):
 PSYoungGen      total 53248K, used 53124K [0x00000000eab00000, 0x00000000ef000000, 0x0000000100000000)
  eden space 52224K, 100% used [0x00000000eab00000,0x00000000ede00000,0x00000000ede00000)
  from space 1024K, 87% used [0x00000000eef00000,0x00000000eefe1128,0x00000000ef000000)
  to   space 6656K, 0% used [0x00000000ee300000,0x00000000ee300000,0x00000000ee980000)
 ParOldGen       total 32256K, used 7752K [0x00000000c0000000, 0x00000000c1f80000, 0x00000000eab00000)
  object space 32256K, 24% used [0x00000000c0000000,0x00000000c0792140,0x00000000c1f80000)
 Metaspace       used 21275K, capacity 21662K, committed 21888K, reserved 1069056K
  class space    used 2779K, capacity 2933K, committed 2944K, reserved 1048576K
Event: 24.124 GC heap after
Heap after GC invocations=10 (full 1):
 PSYoungGen      total 64000K, used 736K [0x00000000eab00000, 0x00000000eff00000, 0x0000000100000000)
  eden space 57344K, 0% used [0x00000000eab00000,0x00000000eab00000,0x00000000ee300000)
  from space 6656K, 11% used [0x00000000ee300000,0x00000000ee3b8020,0x00000000ee980000)
  to   space 7168K, 0% used [0x00000000ef800000,0x00000000ef800000,0x00000000eff00000)
 ParOldGen       total 32256K, used 7760K [0x00000000c0000000, 0x00000000c1f80000, 0x00000000eab00000)
  object space 32256K, 24% used [0x00000000c0000000,0x00000000c0794140,0x00000000c1f80000)
 Metaspace       used 21275K, capacity 21662K, committed 21888K, reserved 1069056K
  class space    used 2779K, capacity 2933K, committed 2944K, reserved 1048576K
}
Event: 53.479 GC heap before
{Heap before GC invocations=11 (full 1):
 PSYoungGen      total 64000K, used 58080K [0x00000000eab00000, 0x00000000eff00000, 0x0000000100000000)
  eden space 57344K, 100% used [0x00000000eab00000,0x00000000ee300000,0x00000000ee300000)
  from space 6656K, 11% used [0x00000000ee300000,0x00000000ee3b8020,0x00000000ee980000)
  to   space 7168K, 0% used [0x00000000ef800000,0x00000000ef800000,0x00000000eff00000)
 ParOldGen       total 32256K, used 7760K [0x00000000c0000000, 0x00000000c1f80000, 0x00000000eab00000)
  object space 32256K, 24% used [0x00000000c0000000,0x00000000c0794140,0x00000000c1f80000)
 Metaspace       used 23986K, capacity 24518K, committed 24832K, reserved 1071104K
  class space    used 3035K, capacity 3231K, committed 3328K, reserved 1048576K
Event: 53.507 GC heap after
Heap after GC invocations=11 (full 1):
 PSYoungGen      total 78848K, used 4353K [0x00000000eab00000, 0x00000000f0400000, 0x0000000100000000)
  eden space 71680K, 0% used [0x00000000eab00000,0x00000000eab00000,0x00000000ef100000)
  from space 7168K, 60% used [0x00000000ef800000,0x00000000efc40578,0x00000000eff00000)
  to   space 7168K, 0% used [0x00000000ef100000,0x00000000ef100000,0x00000000ef800000)
 ParOldGen       total 32256K, used 8224K [0x00000000c0000000, 0x00000000c1f80000, 0x00000000eab00000)
  object space 32256K, 25% used [0x00000000c0000000,0x00000000c0808180,0x00000000c1f80000)
 Metaspace       used 23986K, capacity 24518K, committed 24832K, reserved 1071104K
  class space    used 3035K, capacity 3231K, committed 3328K, reserved 1048576K
}
Event: 67.056 GC heap before
{Heap before GC invocations=12 (full 1):
 PSYoungGen      total 78848K, used 76033K [0x00000000eab00000, 0x00000000f0400000, 0x0000000100000000)
  eden space 71680K, 100% used [0x00000000eab00000,0x00000000ef100000,0x00000000ef100000)
  from space 7168K, 60% used [0x00000000ef800000,0x00000000efc40578,0x00000000eff00000)
  to   space 7168K, 0% used [0x00000000ef100000,0x00000000ef100000,0x00000000ef800000)
 ParOldGen       total 32256K, used 8224K [0x00000000c0000000, 0x00000000c1f80000, 0x00000000eab00000)
  object space 32256K, 25% used [0x00000000c0000000,0x00000000c0808180,0x00000000c1f80000)
 Metaspace       used 28832K, capacity 29620K, committed 29824K, reserved 1075200K
  class space    used 3626K, capacity 3897K, committed 3968K, reserved 1048576K
Event: 67.095 GC heap after
Heap after GC invocations=12 (full 1):
 PSYoungGen      total 78848K, used 6748K [0x00000000eab00000, 0x00000000f1500000, 0x0000000100000000)
  eden space 71680K, 0% used [0x00000000eab00000,0x00000000eab00000,0x00000000ef100000)
  from space 7168K, 94% used [0x00000000ef100000,0x00000000ef797108,0x00000000ef800000)
  to   space 7680K, 0% used [0x00000000f0d80000,0x00000000f0d80000,0x00000000f1500000)
 ParOldGen       total 32256K, used 10720K [0x00000000c0000000, 0x00000000c1f80000, 0x00000000eab00000)
  object space 32256K, 33% used [0x00000000c0000000,0x00000000c0a78018,0x00000000c1f80000)
 Metaspace       used 28832K, capacity 29620K, committed 29824K, reserved 1075200K
  class space    used 3626K, capacity 3897K, committed 3968K, reserved 1048576K
}

